   1              		.file	"system.c"
   2              		.section	.text.InitFreq,"ax",%progbits
   3              		.align	2
   4              		.global	InitFreq
   6              	InitFreq:
   7              		@ args = 0, pretend = 0, frame = 0
   8              		@ frame_needed = 0, uses_anonymous_args = 0
   9              		@ link register save eliminated.
  10 0000 20309FE5 		ldr	r3, .L2
  11 0004 0120A0E3 		mov	r2, #1
  12 0008 002083E5 		str	r2, [r3, #0]
  13 000c 022082E0 		add	r2, r2, r2
  14 0010 043083E2 		add	r3, r3, #4
  15 0014 002083E5 		str	r2, [r3, #0]
  16 0018 F22082E2 		add	r2, r2, #242
  17 001c 043083E2 		add	r3, r3, #4
  18              		@ lr needed for prologue
  19 0020 002083E5 		str	r2, [r3, #0]
  20 0024 0EF0A0E1 		mov	pc, lr
  21              	.L3:
  22              		.align	2
  23              	.L2:
  24 0028 0404FFFF 		.word	-64508
  26              		.ident	"GCC: (GNU) 3.4.6"
DEFINED SYMBOLS
                            *ABS*:0000000000000000 system.c
/var/folders/7z/jjrl1gsd5837mtwy49sxsljw0000gn/T//ccT602Yo.s:3      .text.InitFreq:0000000000000000 $a
/var/folders/7z/jjrl1gsd5837mtwy49sxsljw0000gn/T//ccT602Yo.s:6      .text.InitFreq:0000000000000000 InitFreq
/var/folders/7z/jjrl1gsd5837mtwy49sxsljw0000gn/T//ccT602Yo.s:24     .text.InitFreq:0000000000000028 $d

NO UNDEFINED SYMBOLS
